[INFO] Scanning for projects...
[INFO] ------------------------------------------------------------------------
[INFO] Reactor Build Order:
[INFO] 
[INFO] sample-b-maven-parent                                              [pom]
[INFO] common-util                                                        [jar]
[INFO] domain-core                                                        [jar]
[INFO] service-api                                                        [jar]
[INFO] service-impl                                                       [jar]
[INFO] app                                                                [jar]
[INFO] 
[INFO] -----------------< com.example:sample-b-maven-parent >------------------
[INFO] Building sample-b-maven-parent 0.0.1-SNAPSHOT                      [1/6]
[INFO]   from pom.xml
[INFO] --------------------------------[ pom ]---------------------------------
[INFO] Downloading from central: https://repo.maven.apache.org/maven2/org/apache/maven/plugins/maven-clean-plugin/3.2.0/maven-clean-plugin-3.2.0.pom
[INFO] ------------------------------------------------------------------------
[INFO] Reactor Summary for sample-b-maven-parent 0.0.1-SNAPSHOT:
[INFO] 
[INFO] sample-b-maven-parent .............................. FAILURE [  0.083 s]
[INFO] common-util ........................................ SKIPPED
[INFO] domain-core ........................................ SKIPPED
[INFO] service-api ........................................ SKIPPED
[INFO] service-impl ....................................... SKIPPED
[INFO] app ................................................ SKIPPED
[INFO] ------------------------------------------------------------------------
[INFO] BUILD FAILURE
[INFO] ------------------------------------------------------------------------
[INFO] Total time:  0.185 s
[INFO] Finished at: 2026-04-20T10:48:12+08:00
[INFO] ------------------------------------------------------------------------
[ERROR] Plugin org.apache.maven.plugins:maven-clean-plugin:3.2.0 or one of its dependencies could not be resolved:
[ERROR] 	The following artifacts could not be resolved: org.apache.maven.plugins:maven-clean-plugin:pom:3.2.0 (absent): Could not transfer artifact org.apache.maven.plugins:maven-clean-plugin:pom:3.2.0 from/to central (https://repo.maven.apache.org/maven2): repo.maven.apache.org: nodename nor servname provided, or not known
[ERROR] -> [Help 1]
[ERROR] 
[ERROR] To see the full stack trace of the errors, re-run Maven with the -e switch.
[ERROR] Re-run Maven using the -X switch to enable full debug logging.
[ERROR] 
[ERROR] For more information about the errors and possible solutions, please read the following articles:
[ERROR] [Help 1] http://cwiki.apache.org/confluence/display/MAVEN/PluginResolutionException
