[INFO] Scanning for projects...
[INFO] 
[INFO] ---------------------< com.example:sample-a-maven >---------------------
[INFO] Building sample-a-maven 0.0.1-SNAPSHOT
[INFO]   from pom.xml
[INFO] --------------------------------[ jar ]---------------------------------
[INFO] 
[INFO] --- resources:3.3.1:resources (default-resources) @ sample-a-maven ---
[INFO] skip non existing resourceDirectory /Users/nedlin/IdeaProjects/build-demo/poc/samples/sample-a/maven/src/main/resources
[INFO] skip non existing resourceDirectory /Users/nedlin/IdeaProjects/build-demo/poc/samples/sample-a/maven/src/main/resources
[INFO] 
[INFO] --- compiler:3.14.0:compile (default-compile) @ sample-a-maven ---
[INFO] Nothing to compile - all classes are up to date.
[INFO] 
[INFO] --- resources:3.3.1:testResources (default-testResources) @ sample-a-maven ---
[INFO] skip non existing resourceDirectory /Users/nedlin/IdeaProjects/build-demo/poc/samples/sample-a/maven/src/test/resources
[INFO] 
[INFO] --- compiler:3.14.0:testCompile (default-testCompile) @ sample-a-maven ---
[INFO] Nothing to compile - all classes are up to date.
[INFO] 
[INFO] --- surefire:3.5.3:test (default-test) @ sample-a-maven ---
[INFO] Using auto detected provider org.apache.maven.surefire.junitplatform.JUnitPlatformProvider
[INFO] 
[INFO] -------------------------------------------------------
[INFO]  T E S T S
[INFO] -------------------------------------------------------
[INFO] Running com.example.samplea.SampleAApplicationTests
10:46:41.960 [main] INFO org.springframework.test.context.support.AnnotationConfigContextLoaderUtils -- Could not detect default configuration classes for test class [com.example.samplea.SampleAApplicationTests]: SampleAApplicationTests does not declare any static, non-private, non-final, nested classes annotated with @Configuration.
10:46:42.001 [main] INFO org.springframework.boot.test.context.SpringBootTestContextBootstrapper -- Found @SpringBootConfiguration com.example.samplea.SampleAApplication for test class com.example.samplea.SampleAApplicationTests

  .   ____          _            __ _ _
 /\\ / ___'_ __ _ _(_)_ __  __ _ \ \ \ \
( ( )\___ | '_ | '_| | '_ \/ _` | \ \ \ \
 \\/  ___)| |_)| | | | | || (_| |  ) ) ) )
  '  |____| .__|_| |_|_| |_\__, | / / / /
 =========|_|==============|___/=/_/_/_/

 :: Spring Boot ::                (v3.5.0)

2026-04-20T10:46:42.127+08:00  INFO 82387 --- [           main] c.e.samplea.SampleAApplicationTests      : Starting SampleAApplicationTests using Java 21.0.10 with PID 82387 (started by nedlin in /Users/nedlin/IdeaProjects/build-demo/poc/samples/sample-a/maven)
2026-04-20T10:46:42.128+08:00  INFO 82387 --- [           main] c.e.samplea.SampleAApplicationTests      : No active profile set, falling back to 1 default profile: "default"
2026-04-20T10:46:42.446+08:00  INFO 82387 --- [           main] c.e.samplea.SampleAApplicationTests      : Started SampleAApplicationTests in 0.407 seconds (process running for 0.699)
Mockito is currently self-attaching to enable the inline-mock-maker. This will no longer work in future releases of the JDK. Please add Mockito as an agent to your build as described in Mockito's documentation: https://javadoc.io/doc/org.mockito/mockito-core/latest/org.mockito/org/mockito/Mockito.html#0.3
Mockito is currently self-attaching to enable the inline-mock-maker. This will no longer work in future releases of the JDK. Please add Mockito as an agent to your build as described in Mockito's documentation: https://javadoc.io/doc/org.mockito/mockito-core/latest/org.mockito/org/mockito/Mockito.html#0.3
2026-04-20T10:47:03.772+08:00  WARN 82387 --- [           main] o.s.test.context.TestContextManager      : Caught exception while invoking 'beforeTestMethod' callback on TestExecutionListener [org.springframework.boot.test.mock.mockito.ResetMocksTestExecutionListener] for test method [void com.example.samplea.SampleAApplicationTests.contextLoads()] and test instance [com.example.samplea.SampleAApplicationTests@3ff54f3d]

java.lang.IllegalStateException: Could not initialize plugin: interface org.mockito.plugins.MockMaker (alternate: null)
	at org.mockito.internal.configuration.plugins.PluginLoader$1.invoke(PluginLoader.java:85) ~[mockito-core-5.17.0.jar:na]
	at jdk.proxy2/jdk.proxy2.$Proxy65.getHandler(Unknown Source) ~[na:na]
	at org.mockito.internal.util.MockUtil.getMockHandlerOrNull(MockUtil.java:158) ~[mockito-core-5.17.0.jar:na]
	at org.mockito.internal.util.MockUtil.isMock(MockUtil.java:147) ~[mockito-core-5.17.0.jar:na]
	at org.mockito.internal.util.DefaultMockingDetails.isMock(DefaultMockingDetails.java:32) ~[mockito-core-5.17.0.jar:na]
	at org.springframework.boot.test.mock.mockito.MockReset.get(MockReset.java:109) ~[spring-boot-test-3.5.0.jar:3.5.0]
	at org.springframework.boot.test.mock.mockito.ResetMocksTestExecutionListener.resetMocks(ResetMocksTestExecutionListener.java:89) ~[spring-boot-test-3.5.0.jar:3.5.0]
	at org.springframework.boot.test.mock.mockito.ResetMocksTestExecutionListener.resetMocks(ResetMocksTestExecutionListener.java:77) ~[spring-boot-test-3.5.0.jar:3.5.0]
	at org.springframework.boot.test.mock.mockito.ResetMocksTestExecutionListener.beforeTestMethod(ResetMocksTestExecutionListener.java:64) ~[spring-boot-test-3.5.0.jar:3.5.0]
	at org.springframework.test.context.TestContextManager.beforeTestMethod(TestContextManager.java:320) ~[spring-test-6.2.7.jar:6.2.7]
	at org.springframework.test.context.junit.jupiter.SpringExtension.beforeEach(SpringExtension.java:236) ~[spring-test-6.2.7.jar:6.2.7]
	at org.junit.jupiter.engine.descriptor.TestMethodTestDescriptor.lambda$invokeBeforeEachCallbacks$2(TestMethodTestDescriptor.java:165) ~[junit-jupiter-engine-5.12.2.jar:5.12.2]
	at org.junit.jupiter.engine.descriptor.TestMethodTestDescriptor.lambda$invokeBeforeMethodsOrCallbacksUntilExceptionOccurs$6(TestMethodTestDescriptor.java:201) ~[junit-jupiter-engine-5.12.2.jar:5.12.2]
	at org.junit.platform.engine.support.hierarchical.ThrowableCollector.execute(ThrowableCollector.java:73) ~[junit-platform-engine-1.12.2.jar:1.12.2]
	at org.junit.jupiter.engine.descriptor.TestMethodTestDescriptor.invokeBeforeMethodsOrCallbacksUntilExceptionOccurs(TestMethodTestDescriptor.java:201) ~[junit-jupiter-engine-5.12.2.jar:5.12.2]
	at org.junit.jupiter.engine.descriptor.TestMethodTestDescriptor.invokeBeforeEachCallbacks(TestMethodTestDescriptor.java:164) ~[junit-jupiter-engine-5.12.2.jar:5.12.2]
	at org.junit.jupiter.engine.descriptor.TestMethodTestDescriptor.execute(TestMethodTestDescriptor.java:131) ~[junit-jupiter-engine-5.12.2.jar:5.12.2]
	at org.junit.jupiter.engine.descriptor.TestMethodTestDescriptor.execute(TestMethodTestDescriptor.java:69) ~[junit-jupiter-engine-5.12.2.jar:5.12.2]
	at org.junit.platform.engine.support.hierarchical.NodeTestTask.lambda$executeRecursively$6(NodeTestTask.java:156) ~[junit-platform-engine-1.12.2.jar:1.12.2]
	at org.junit.platform.engine.support.hierarchical.ThrowableCollector.execute(ThrowableCollector.java:73) ~[junit-platform-engine-1.12.2.jar:1.12.2]
	at org.junit.platform.engine.support.hierarchical.NodeTestTask.lambda$executeRecursively$8(NodeTestTask.java:146) ~[junit-platform-engine-1.12.2.jar:1.12.2]
	at org.junit.platform.engine.support.hierarchical.Node.around(Node.java:137) ~[junit-platform-engine-1.12.2.jar:1.12.2]
	at org.junit.platform.engine.support.hierarchical.NodeTestTask.lambda$executeRecursively$9(NodeTestTask.java:144) ~[junit-platform-engine-1.12.2.jar:1.12.2]
	at org.junit.platform.engine.support.hierarchical.ThrowableCollector.execute(ThrowableCollector.java:73) ~[junit-platform-engine-1.12.2.jar:1.12.2]
	at org.junit.platform.engine.support.hierarchical.NodeTestTask.executeRecursively(NodeTestTask.java:143) ~[junit-platform-engine-1.12.2.jar:1.12.2]
	at org.junit.platform.engine.support.hierarchical.NodeTestTask.execute(NodeTestTask.java:100) ~[junit-platform-engine-1.12.2.jar:1.12.2]
	at java.base/java.util.ArrayList.forEach(ArrayList.java:1596) ~[na:na]
	at org.junit.platform.engine.support.hierarchical.SameThreadHierarchicalTestExecutorService.invokeAll(SameThreadHierarchicalTestExecutorService.java:41) ~[junit-platform-engine-1.12.2.jar:1.12.2]
	at org.junit.platform.engine.support.hierarchical.NodeTestTask.lambda$executeRecursively$6(NodeTestTask.java:160) ~[junit-platform-engine-1.12.2.jar:1.12.2]
	at org.junit.platform.engine.support.hierarchical.ThrowableCollector.execute(ThrowableCollector.java:73) ~[junit-platform-engine-1.12.2.jar:1.12.2]
	at org.junit.platform.engine.support.hierarchical.NodeTestTask.lambda$executeRecursively$8(NodeTestTask.java:146) ~[junit-platform-engine-1.12.2.jar:1.12.2]
	at org.junit.platform.engine.support.hierarchical.Node.around(Node.java:137) ~[junit-platform-engine-1.12.2.jar:1.12.2]
	at org.junit.platform.engine.support.hierarchical.NodeTestTask.lambda$executeRecursively$9(NodeTestTask.java:144) ~[junit-platform-engine-1.12.2.jar:1.12.2]
	at org.junit.platform.engine.support.hierarchical.ThrowableCollector.execute(ThrowableCollector.java:73) ~[junit-platform-engine-1.12.2.jar:1.12.2]
	at org.junit.platform.engine.support.hierarchical.NodeTestTask.executeRecursively(NodeTestTask.java:143) ~[junit-platform-engine-1.12.2.jar:1.12.2]
	at org.junit.platform.engine.support.hierarchical.NodeTestTask.execute(NodeTestTask.java:100) ~[junit-platform-engine-1.12.2.jar:1.12.2]
	at java.base/java.util.ArrayList.forEach(ArrayList.java:1596) ~[na:na]
	at org.junit.platform.engine.support.hierarchical.SameThreadHierarchicalTestExecutorService.invokeAll(SameThreadHierarchicalTestExecutorService.java:41) ~[junit-platform-engine-1.12.2.jar:1.12.2]
	at org.junit.platform.engine.support.hierarchical.NodeTestTask.lambda$executeRecursively$6(NodeTestTask.java:160) ~[junit-platform-engine-1.12.2.jar:1.12.2]
	at org.junit.platform.engine.support.hierarchical.ThrowableCollector.execute(ThrowableCollector.java:73) ~[junit-platform-engine-1.12.2.jar:1.12.2]
	at org.junit.platform.engine.support.hierarchical.NodeTestTask.lambda$executeRecursively$8(NodeTestTask.java:146) ~[junit-platform-engine-1.12.2.jar:1.12.2]
	at org.junit.platform.engine.support.hierarchical.Node.around(Node.java:137) ~[junit-platform-engine-1.12.2.jar:1.12.2]
	at org.junit.platform.engine.support.hierarchical.NodeTestTask.lambda$executeRecursively$9(NodeTestTask.java:144) ~[junit-platform-engine-1.12.2.jar:1.12.2]
	at org.junit.platform.engine.support.hierarchical.ThrowableCollector.execute(ThrowableCollector.java:73) ~[junit-platform-engine-1.12.2.jar:1.12.2]
	at org.junit.platform.engine.support.hierarchical.NodeTestTask.executeRecursively(NodeTestTask.java:143) ~[junit-platform-engine-1.12.2.jar:1.12.2]
	at org.junit.platform.engine.support.hierarchical.NodeTestTask.execute(NodeTestTask.java:100) ~[junit-platform-engine-1.12.2.jar:1.12.2]
	at org.junit.platform.engine.support.hierarchical.SameThreadHierarchicalTestExecutorService.submit(SameThreadHierarchicalTestExecutorService.java:35) ~[junit-platform-engine-1.12.2.jar:1.12.2]
	at org.junit.platform.engine.support.hierarchical.HierarchicalTestExecutor.execute(HierarchicalTestExecutor.java:57) ~[junit-platform-engine-1.12.2.jar:1.12.2]
	at org.junit.platform.engine.support.hierarchical.HierarchicalTestEngine.execute(HierarchicalTestEngine.java:54) ~[junit-platform-engine-1.12.2.jar:1.12.2]
	at org.junit.platform.launcher.core.EngineExecutionOrchestrator.execute(EngineExecutionOrchestrator.java:201) ~[junit-platform-launcher-1.12.2.jar:1.12.2]
	at org.junit.platform.launcher.core.EngineExecutionOrchestrator.execute(EngineExecutionOrchestrator.java:170) ~[junit-platform-launcher-1.12.2.jar:1.12.2]
	at org.junit.platform.launcher.core.EngineExecutionOrchestrator.execute(EngineExecutionOrchestrator.java:94) ~[junit-platform-launcher-1.12.2.jar:1.12.2]
	at org.junit.platform.launcher.core.EngineExecutionOrchestrator.lambda$execute$0(EngineExecutionOrchestrator.java:59) ~[junit-platform-launcher-1.12.2.jar:1.12.2]
	at org.junit.platform.launcher.core.EngineExecutionOrchestrator.withInterceptedStreams(EngineExecutionOrchestrator.java:142) ~[junit-platform-launcher-1.12.2.jar:1.12.2]
	at org.junit.platform.launcher.core.EngineExecutionOrchestrator.execute(EngineExecutionOrchestrator.java:58) ~[junit-platform-launcher-1.12.2.jar:1.12.2]
	at org.junit.platform.launcher.core.DefaultLauncher.execute(DefaultLauncher.java:103) ~[junit-platform-launcher-1.12.2.jar:1.12.2]
	at org.junit.platform.launcher.core.DefaultLauncher.execute(DefaultLauncher.java:85) ~[junit-platform-launcher-1.12.2.jar:1.12.2]
	at org.junit.platform.launcher.core.DelegatingLauncher.execute(DelegatingLauncher.java:47) ~[junit-platform-launcher-1.12.2.jar:1.12.2]
	at org.junit.platform.launcher.core.InterceptingLauncher.lambda$execute$1(InterceptingLauncher.java:39) ~[junit-platform-launcher-1.12.2.jar:1.12.2]
	at org.junit.platform.launcher.core.ClasspathAlignmentCheckingLauncherInterceptor.intercept(ClasspathAlignmentCheckingLauncherInterceptor.java:25) ~[junit-platform-launcher-1.12.2.jar:1.12.2]
	at org.junit.platform.launcher.core.InterceptingLauncher.execute(InterceptingLauncher.java:38) ~[junit-platform-launcher-1.12.2.jar:1.12.2]
	at org.junit.platform.launcher.core.DelegatingLauncher.execute(DelegatingLauncher.java:47) ~[junit-platform-launcher-1.12.2.jar:1.12.2]
	at org.apache.maven.surefire.junitplatform.LazyLauncher.execute(LazyLauncher.java:56) ~[surefire-junit-platform-3.5.3.jar:3.5.3]
	at org.apache.maven.surefire.junitplatform.JUnitPlatformProvider.execute(JUnitPlatformProvider.java:194) ~[surefire-junit-platform-3.5.3.jar:3.5.3]
	at org.apache.maven.surefire.junitplatform.JUnitPlatformProvider.invokeAllTests(JUnitPlatformProvider.java:150) ~[surefire-junit-platform-3.5.3.jar:3.5.3]
	at org.apache.maven.surefire.junitplatform.JUnitPlatformProvider.invoke(JUnitPlatformProvider.java:124) ~[surefire-junit-platform-3.5.3.jar:3.5.3]
	at org.apache.maven.surefire.booter.ForkedBooter.runSuitesInProcess(ForkedBooter.java:385) ~[surefire-booter-3.5.3.jar:3.5.3]
	at org.apache.maven.surefire.booter.ForkedBooter.execute(ForkedBooter.java:162) ~[surefire-booter-3.5.3.jar:3.5.3]
	at org.apache.maven.surefire.booter.ForkedBooter.run(ForkedBooter.java:507) ~[surefire-booter-3.5.3.jar:3.5.3]
	at org.apache.maven.surefire.booter.ForkedBooter.main(ForkedBooter.java:495) ~[surefire-booter-3.5.3.jar:3.5.3]
Caused by: java.lang.IllegalStateException: Internal problem occurred, please report it. Mockito is unable to load the default implementation of class that is a part of Mockito distribution. Failed to load interface org.mockito.plugins.MockMaker
	at org.mockito.internal.configuration.plugins.DefaultMockitoPlugins.create(DefaultMockitoPlugins.java:105) ~[mockito-core-5.17.0.jar:na]
	at org.mockito.internal.configuration.plugins.DefaultMockitoPlugins.getDefaultPlugin(DefaultMockitoPlugins.java:79) ~[mockito-core-5.17.0.jar:na]
	at org.mockito.internal.configuration.plugins.PluginLoader.loadPlugin(PluginLoader.java:75) ~[mockito-core-5.17.0.jar:na]
	at org.mockito.internal.configuration.plugins.PluginLoader.loadPlugin(PluginLoader.java:49) ~[mockito-core-5.17.0.jar:na]
	at org.mockito.internal.configuration.plugins.PluginRegistry.<init>(PluginRegistry.java:29) ~[mockito-core-5.17.0.jar:na]
	at org.mockito.internal.configuration.plugins.Plugins.<clinit>(Plugins.java:26) ~[mockito-core-5.17.0.jar:na]
	at org.mockito.internal.MockitoCore.<clinit>(MockitoCore.java:71) ~[mockito-core-5.17.0.jar:na]
	at org.mockito.Mockito.<clinit>(Mockito.java:1777) ~[mockito-core-5.17.0.jar:na]
	at org.springframework.boot.test.mock.mockito.MockReset.get(MockReset.java:108) ~[spring-boot-test-3.5.0.jar:3.5.0]
	... 64 common frames omitted
Caused by: java.lang.reflect.InvocationTargetException: null
	at java.base/jdk.internal.reflect.DirectConstructorHandleAccessor.newInstance(DirectConstructorHandleAccessor.java:74) ~[na:na]
	at java.base/java.lang.reflect.Constructor.newInstanceWithCaller(Constructor.java:502) ~[na:na]
	at java.base/java.lang.reflect.Constructor.newInstance(Constructor.java:486) ~[na:na]
	at org.mockito.internal.configuration.plugins.DefaultMockitoPlugins.create(DefaultMockitoPlugins.java:103) ~[mockito-core-5.17.0.jar:na]
	... 72 common frames omitted
Caused by: org.mockito.exceptions.base.MockitoInitializationException: 
Could not initialize inline Byte Buddy mock maker.

It appears as if your JDK does not supply a working agent attachment mechanism.
Java               : 21
JVM vendor name    : Homebrew
JVM vendor version : 21.0.10
JVM name           : OpenJDK 64-Bit Server VM
JVM version        : 21.0.10
JVM info           : mixed mode, sharing
OS name            : Mac OS X
OS version         : 26.4.1

	at org.mockito.internal.creation.bytebuddy.InlineDelegateByteBuddyMockMaker.<init>(InlineDelegateByteBuddyMockMaker.java:275) ~[mockito-core-5.17.0.jar:na]
	at org.mockito.internal.creation.bytebuddy.InlineByteBuddyMockMaker.<init>(InlineByteBuddyMockMaker.java:23) ~[mockito-core-5.17.0.jar:na]
	at java.base/jdk.internal.reflect.DirectConstructorHandleAccessor.newInstance(DirectConstructorHandleAccessor.java:62) ~[na:na]
	... 75 common frames omitted
Caused by: java.lang.IllegalStateException: Could not self-attach to current VM using external process - set a property net.bytebuddy.agent.attacher.dump to dump the process output to a file at the specified location
	at net.bytebuddy.agent.ByteBuddyAgent.installExternal(ByteBuddyAgent.java:672) ~[byte-buddy-agent-1.17.5.jar:na]
	at net.bytebuddy.agent.ByteBuddyAgent.install(ByteBuddyAgent.java:599) ~[byte-buddy-agent-1.17.5.jar:na]
	at net.bytebuddy.agent.ByteBuddyAgent.install(ByteBuddyAgent.java:579) ~[byte-buddy-agent-1.17.5.jar:na]
	at net.bytebuddy.agent.ByteBuddyAgent.install(ByteBuddyAgent.java:531) ~[byte-buddy-agent-1.17.5.jar:na]
	at net.bytebuddy.agent.ByteBuddyAgent.install(ByteBuddyAgent.java:508) ~[byte-buddy-agent-1.17.5.jar:na]
	at org.mockito.internal.PremainAttachAccess.getInstrumentation(PremainAttachAccess.java:80) ~[mockito-core-5.17.0.jar:na]
	at org.mockito.internal.creation.bytebuddy.InlineDelegateByteBuddyMockMaker.<clinit>(InlineDelegateByteBuddyMockMaker.java:138) ~[mockito-core-5.17.0.jar:na]
	... 77 common frames omitted

2026-04-20T10:47:03.778+08:00  WARN 82387 --- [           main] o.s.test.context.TestContextManager      : Caught exception while invoking 'afterTestMethod' callback on TestExecutionListener [org.springframework.boot.test.mock.mockito.ResetMocksTestExecutionListener] for test method [void com.example.samplea.SampleAApplicationTests.contextLoads()] and test instance [com.example.samplea.SampleAApplicationTests@3ff54f3d]

java.lang.IllegalStateException: Could not initialize plugin: interface org.mockito.plugins.MockMaker (alternate: null)
	at org.mockito.internal.configuration.plugins.PluginLoader$1.invoke(PluginLoader.java:85) ~[mockito-core-5.17.0.jar:na]
	at jdk.proxy2/jdk.proxy2.$Proxy65.getHandler(Unknown Source) ~[na:na]
	at org.mockito.internal.util.MockUtil.getMockHandlerOrNull(MockUtil.java:158) ~[mockito-core-5.17.0.jar:na]
	at org.mockito.internal.util.MockUtil.isMock(MockUtil.java:147) ~[mockito-core-5.17.0.jar:na]
	at org.mockito.internal.util.DefaultMockingDetails.isMock(DefaultMockingDetails.java:32) ~[mockito-core-5.17.0.jar:na]
	at org.springframework.boot.test.mock.mockito.MockReset.get(MockReset.java:109) ~[spring-boot-test-3.5.0.jar:3.5.0]
	at org.springframework.boot.test.mock.mockito.ResetMocksTestExecutionListener.resetMocks(ResetMocksTestExecutionListener.java:89) ~[spring-boot-test-3.5.0.jar:3.5.0]
	at org.springframework.boot.test.mock.mockito.ResetMocksTestExecutionListener.resetMocks(ResetMocksTestExecutionListener.java:77) ~[spring-boot-test-3.5.0.jar:3.5.0]
	at org.springframework.boot.test.mock.mockito.ResetMocksTestExecutionListener.afterTestMethod(ResetMocksTestExecutionListener.java:71) ~[spring-boot-test-3.5.0.jar:3.5.0]
	at org.springframework.test.context.TestContextManager.afterTestMethod(TestContextManager.java:488) ~[spring-test-6.2.7.jar:6.2.7]
	at org.springframework.test.context.junit.jupiter.SpringExtension.afterEach(SpringExtension.java:274) ~[spring-test-6.2.7.jar:6.2.7]
	at org.junit.jupiter.engine.descriptor.TestMethodTestDescriptor.lambda$invokeAfterEachCallbacks$12(TestMethodTestDescriptor.java:259) ~[junit-jupiter-engine-5.12.2.jar:5.12.2]
	at org.junit.jupiter.engine.descriptor.TestMethodTestDescriptor.lambda$invokeAllAfterMethodsOrCallbacks$13(TestMethodTestDescriptor.java:275) ~[junit-jupiter-engine-5.12.2.jar:5.12.2]
	at org.junit.platform.engine.support.hierarchical.ThrowableCollector.execute(ThrowableCollector.java:73) ~[junit-platform-engine-1.12.2.jar:1.12.2]
	at org.junit.jupiter.engine.descriptor.TestMethodTestDescriptor.lambda$invokeAllAfterMethodsOrCallbacks$14(TestMethodTestDescriptor.java:275) ~[junit-jupiter-engine-5.12.2.jar:5.12.2]
	at org.junit.platform.commons.util.CollectionUtils.forEachInReverseOrder(CollectionUtils.java:239) ~[junit-platform-commons-1.12.2.jar:1.12.2]
	at org.junit.jupiter.engine.descriptor.TestMethodTestDescriptor.invokeAllAfterMethodsOrCallbacks(TestMethodTestDescriptor.java:274) ~[junit-jupiter-engine-5.12.2.jar:5.12.2]
	at org.junit.jupiter.engine.descriptor.TestMethodTestDescriptor.invokeAfterEachCallbacks(TestMethodTestDescriptor.java:258) ~[junit-jupiter-engine-5.12.2.jar:5.12.2]
	at org.junit.jupiter.engine.descriptor.TestMethodTestDescriptor.execute(TestMethodTestDescriptor.java:143) ~[junit-jupiter-engine-5.12.2.jar:5.12.2]
	at org.junit.jupiter.engine.descriptor.TestMethodTestDescriptor.execute(TestMethodTestDescriptor.java:69) ~[junit-jupiter-engine-5.12.2.jar:5.12.2]
	at org.junit.platform.engine.support.hierarchical.NodeTestTask.lambda$executeRecursively$6(NodeTestTask.java:156) ~[junit-platform-engine-1.12.2.jar:1.12.2]
	at org.junit.platform.engine.support.hierarchical.ThrowableCollector.execute(ThrowableCollector.java:73) ~[junit-platform-engine-1.12.2.jar:1.12.2]
	at org.junit.platform.engine.support.hierarchical.NodeTestTask.lambda$executeRecursively$8(NodeTestTask.java:146) ~[junit-platform-engine-1.12.2.jar:1.12.2]
	at org.junit.platform.engine.support.hierarchical.Node.around(Node.java:137) ~[junit-platform-engine-1.12.2.jar:1.12.2]
	at org.junit.platform.engine.support.hierarchical.NodeTestTask.lambda$executeRecursively$9(NodeTestTask.java:144) ~[junit-platform-engine-1.12.2.jar:1.12.2]
	at org.junit.platform.engine.support.hierarchical.ThrowableCollector.execute(ThrowableCollector.java:73) ~[junit-platform-engine-1.12.2.jar:1.12.2]
	at org.junit.platform.engine.support.hierarchical.NodeTestTask.executeRecursively(NodeTestTask.java:143) ~[junit-platform-engine-1.12.2.jar:1.12.2]
	at org.junit.platform.engine.support.hierarchical.NodeTestTask.execute(NodeTestTask.java:100) ~[junit-platform-engine-1.12.2.jar:1.12.2]
	at java.base/java.util.ArrayList.forEach(ArrayList.java:1596) ~[na:na]
	at org.junit.platform.engine.support.hierarchical.SameThreadHierarchicalTestExecutorService.invokeAll(SameThreadHierarchicalTestExecutorService.java:41) ~[junit-platform-engine-1.12.2.jar:1.12.2]
	at org.junit.platform.engine.support.hierarchical.NodeTestTask.lambda$executeRecursively$6(NodeTestTask.java:160) ~[junit-platform-engine-1.12.2.jar:1.12.2]
	at org.junit.platform.engine.support.hierarchical.ThrowableCollector.execute(ThrowableCollector.java:73) ~[junit-platform-engine-1.12.2.jar:1.12.2]
	at org.junit.platform.engine.support.hierarchical.NodeTestTask.lambda$executeRecursively$8(NodeTestTask.java:146) ~[junit-platform-engine-1.12.2.jar:1.12.2]
	at org.junit.platform.engine.support.hierarchical.Node.around(Node.java:137) ~[junit-platform-engine-1.12.2.jar:1.12.2]
	at org.junit.platform.engine.support.hierarchical.NodeTestTask.lambda$executeRecursively$9(NodeTestTask.java:144) ~[junit-platform-engine-1.12.2.jar:1.12.2]
	at org.junit.platform.engine.support.hierarchical.ThrowableCollector.execute(ThrowableCollector.java:73) ~[junit-platform-engine-1.12.2.jar:1.12.2]
	at org.junit.platform.engine.support.hierarchical.NodeTestTask.executeRecursively(NodeTestTask.java:143) ~[junit-platform-engine-1.12.2.jar:1.12.2]
	at org.junit.platform.engine.support.hierarchical.NodeTestTask.execute(NodeTestTask.java:100) ~[junit-platform-engine-1.12.2.jar:1.12.2]
	at java.base/java.util.ArrayList.forEach(ArrayList.java:1596) ~[na:na]
	at org.junit.platform.engine.support.hierarchical.SameThreadHierarchicalTestExecutorService.invokeAll(SameThreadHierarchicalTestExecutorService.java:41) ~[junit-platform-engine-1.12.2.jar:1.12.2]
	at org.junit.platform.engine.support.hierarchical.NodeTestTask.lambda$executeRecursively$6(NodeTestTask.java:160) ~[junit-platform-engine-1.12.2.jar:1.12.2]
	at org.junit.platform.engine.support.hierarchical.ThrowableCollector.execute(ThrowableCollector.java:73) ~[junit-platform-engine-1.12.2.jar:1.12.2]
	at org.junit.platform.engine.support.hierarchical.NodeTestTask.lambda$executeRecursively$8(NodeTestTask.java:146) ~[junit-platform-engine-1.12.2.jar:1.12.2]
	at org.junit.platform.engine.support.hierarchical.Node.around(Node.java:137) ~[junit-platform-engine-1.12.2.jar:1.12.2]
	at org.junit.platform.engine.support.hierarchical.NodeTestTask.lambda$executeRecursively$9(NodeTestTask.java:144) ~[junit-platform-engine-1.12.2.jar:1.12.2]
	at org.junit.platform.engine.support.hierarchical.ThrowableCollector.execute(ThrowableCollector.java:73) ~[junit-platform-engine-1.12.2.jar:1.12.2]
	at org.junit.platform.engine.support.hierarchical.NodeTestTask.executeRecursively(NodeTestTask.java:143) ~[junit-platform-engine-1.12.2.jar:1.12.2]
	at org.junit.platform.engine.support.hierarchical.NodeTestTask.execute(NodeTestTask.java:100) ~[junit-platform-engine-1.12.2.jar:1.12.2]
	at org.junit.platform.engine.support.hierarchical.SameThreadHierarchicalTestExecutorService.submit(SameThreadHierarchicalTestExecutorService.java:35) ~[junit-platform-engine-1.12.2.jar:1.12.2]
	at org.junit.platform.engine.support.hierarchical.HierarchicalTestExecutor.execute(HierarchicalTestExecutor.java:57) ~[junit-platform-engine-1.12.2.jar:1.12.2]
	at org.junit.platform.engine.support.hierarchical.HierarchicalTestEngine.execute(HierarchicalTestEngine.java:54) ~[junit-platform-engine-1.12.2.jar:1.12.2]
	at org.junit.platform.launcher.core.EngineExecutionOrchestrator.execute(EngineExecutionOrchestrator.java:201) ~[junit-platform-launcher-1.12.2.jar:1.12.2]
	at org.junit.platform.launcher.core.EngineExecutionOrchestrator.execute(EngineExecutionOrchestrator.java:170) ~[junit-platform-launcher-1.12.2.jar:1.12.2]
	at org.junit.platform.launcher.core.EngineExecutionOrchestrator.execute(EngineExecutionOrchestrator.java:94) ~[junit-platform-launcher-1.12.2.jar:1.12.2]
	at org.junit.platform.launcher.core.EngineExecutionOrchestrator.lambda$execute$0(EngineExecutionOrchestrator.java:59) ~[junit-platform-launcher-1.12.2.jar:1.12.2]
	at org.junit.platform.launcher.core.EngineExecutionOrchestrator.withInterceptedStreams(EngineExecutionOrchestrator.java:142) ~[junit-platform-launcher-1.12.2.jar:1.12.2]
	at org.junit.platform.launcher.core.EngineExecutionOrchestrator.execute(EngineExecutionOrchestrator.java:58) ~[junit-platform-launcher-1.12.2.jar:1.12.2]
	at org.junit.platform.launcher.core.DefaultLauncher.execute(DefaultLauncher.java:103) ~[junit-platform-launcher-1.12.2.jar:1.12.2]
	at org.junit.platform.launcher.core.DefaultLauncher.execute(DefaultLauncher.java:85) ~[junit-platform-launcher-1.12.2.jar:1.12.2]
	at org.junit.platform.launcher.core.DelegatingLauncher.execute(DelegatingLauncher.java:47) ~[junit-platform-launcher-1.12.2.jar:1.12.2]
	at org.junit.platform.launcher.core.InterceptingLauncher.lambda$execute$1(InterceptingLauncher.java:39) ~[junit-platform-launcher-1.12.2.jar:1.12.2]
	at org.junit.platform.launcher.core.ClasspathAlignmentCheckingLauncherInterceptor.intercept(ClasspathAlignmentCheckingLauncherInterceptor.java:25) ~[junit-platform-launcher-1.12.2.jar:1.12.2]
	at org.junit.platform.launcher.core.InterceptingLauncher.execute(InterceptingLauncher.java:38) ~[junit-platform-launcher-1.12.2.jar:1.12.2]
	at org.junit.platform.launcher.core.DelegatingLauncher.execute(DelegatingLauncher.java:47) ~[junit-platform-launcher-1.12.2.jar:1.12.2]
	at org.apache.maven.surefire.junitplatform.LazyLauncher.execute(LazyLauncher.java:56) ~[surefire-junit-platform-3.5.3.jar:3.5.3]
	at org.apache.maven.surefire.junitplatform.JUnitPlatformProvider.execute(JUnitPlatformProvider.java:194) ~[surefire-junit-platform-3.5.3.jar:3.5.3]
	at org.apache.maven.surefire.junitplatform.JUnitPlatformProvider.invokeAllTests(JUnitPlatformProvider.java:150) ~[surefire-junit-platform-3.5.3.jar:3.5.3]
	at org.apache.maven.surefire.junitplatform.JUnitPlatformProvider.invoke(JUnitPlatformProvider.java:124) ~[surefire-junit-platform-3.5.3.jar:3.5.3]
	at org.apache.maven.surefire.booter.ForkedBooter.runSuitesInProcess(ForkedBooter.java:385) ~[surefire-booter-3.5.3.jar:3.5.3]
	at org.apache.maven.surefire.booter.ForkedBooter.execute(ForkedBooter.java:162) ~[surefire-booter-3.5.3.jar:3.5.3]
	at org.apache.maven.surefire.booter.ForkedBooter.run(ForkedBooter.java:507) ~[surefire-booter-3.5.3.jar:3.5.3]
	at org.apache.maven.surefire.booter.ForkedBooter.main(ForkedBooter.java:495) ~[surefire-booter-3.5.3.jar:3.5.3]
Caused by: java.lang.IllegalStateException: Internal problem occurred, please report it. Mockito is unable to load the default implementation of class that is a part of Mockito distribution. Failed to load interface org.mockito.plugins.MockMaker
	at org.mockito.internal.configuration.plugins.DefaultMockitoPlugins.create(DefaultMockitoPlugins.java:105) ~[mockito-core-5.17.0.jar:na]
	at org.mockito.internal.configuration.plugins.DefaultMockitoPlugins.getDefaultPlugin(DefaultMockitoPlugins.java:79) ~[mockito-core-5.17.0.jar:na]
	at org.mockito.internal.configuration.plugins.PluginLoader.loadPlugin(PluginLoader.java:75) ~[mockito-core-5.17.0.jar:na]
	at org.mockito.internal.configuration.plugins.PluginLoader.loadPlugin(PluginLoader.java:49) ~[mockito-core-5.17.0.jar:na]
	at org.mockito.internal.configuration.plugins.PluginRegistry.<init>(PluginRegistry.java:29) ~[mockito-core-5.17.0.jar:na]
	at org.mockito.internal.configuration.plugins.Plugins.<clinit>(Plugins.java:26) ~[mockito-core-5.17.0.jar:na]
	at org.mockito.internal.MockitoCore.<clinit>(MockitoCore.java:71) ~[mockito-core-5.17.0.jar:na]
	at org.mockito.Mockito.<clinit>(Mockito.java:1777) ~[mockito-core-5.17.0.jar:na]
	at org.springframework.boot.test.mock.mockito.MockReset.get(MockReset.java:108) ~[spring-boot-test-3.5.0.jar:3.5.0]
	at org.springframework.boot.test.mock.mockito.ResetMocksTestExecutionListener.resetMocks(ResetMocksTestExecutionListener.java:89) ~[spring-boot-test-3.5.0.jar:3.5.0]
	at org.springframework.boot.test.mock.mockito.ResetMocksTestExecutionListener.resetMocks(ResetMocksTestExecutionListener.java:77) ~[spring-boot-test-3.5.0.jar:3.5.0]
	at org.springframework.boot.test.mock.mockito.ResetMocksTestExecutionListener.beforeTestMethod(ResetMocksTestExecutionListener.java:64) ~[spring-boot-test-3.5.0.jar:3.5.0]
	at org.springframework.test.context.TestContextManager.beforeTestMethod(TestContextManager.java:320) ~[spring-test-6.2.7.jar:6.2.7]
	at org.springframework.test.context.junit.jupiter.SpringExtension.beforeEach(SpringExtension.java:236) ~[spring-test-6.2.7.jar:6.2.7]
	at org.junit.jupiter.engine.descriptor.TestMethodTestDescriptor.lambda$invokeBeforeEachCallbacks$2(TestMethodTestDescriptor.java:165) ~[junit-jupiter-engine-5.12.2.jar:5.12.2]
	at org.junit.jupiter.engine.descriptor.TestMethodTestDescriptor.lambda$invokeBeforeMethodsOrCallbacksUntilExceptionOccurs$6(TestMethodTestDescriptor.java:201) ~[junit-jupiter-engine-5.12.2.jar:5.12.2]
	at org.junit.platform.engine.support.hierarchical.ThrowableCollector.execute(ThrowableCollector.java:73) ~[junit-platform-engine-1.12.2.jar:1.12.2]
	at org.junit.jupiter.engine.descriptor.TestMethodTestDescriptor.invokeBeforeMethodsOrCallbacksUntilExceptionOccurs(TestMethodTestDescriptor.java:201) ~[junit-jupiter-engine-5.12.2.jar:5.12.2]
	at org.junit.jupiter.engine.descriptor.TestMethodTestDescriptor.invokeBeforeEachCallbacks(TestMethodTestDescriptor.java:164) ~[junit-jupiter-engine-5.12.2.jar:5.12.2]
	at org.junit.jupiter.engine.descriptor.TestMethodTestDescriptor.execute(TestMethodTestDescriptor.java:131) ~[junit-jupiter-engine-5.12.2.jar:5.12.2]
	... 53 common frames omitted
Caused by: java.lang.reflect.InvocationTargetException: null
	at java.base/jdk.internal.reflect.DirectConstructorHandleAccessor.newInstance(DirectConstructorHandleAccessor.java:74) ~[na:na]
	at java.base/java.lang.reflect.Constructor.newInstanceWithCaller(Constructor.java:502) ~[na:na]
	at java.base/java.lang.reflect.Constructor.newInstance(Constructor.java:486) ~[na:na]
	at org.mockito.internal.configuration.plugins.DefaultMockitoPlugins.create(DefaultMockitoPlugins.java:103) ~[mockito-core-5.17.0.jar:na]
	... 72 common frames omitted
Caused by: org.mockito.exceptions.base.MockitoInitializationException: 
Could not initialize inline Byte Buddy mock maker.

It appears as if your JDK does not supply a working agent attachment mechanism.
Java               : 21
JVM vendor name    : Homebrew
JVM vendor version : 21.0.10
JVM name           : OpenJDK 64-Bit Server VM
JVM version        : 21.0.10
JVM info           : mixed mode, sharing
OS name            : Mac OS X
OS version         : 26.4.1

	at org.mockito.internal.creation.bytebuddy.InlineDelegateByteBuddyMockMaker.<init>(InlineDelegateByteBuddyMockMaker.java:275) ~[mockito-core-5.17.0.jar:na]
	at org.mockito.internal.creation.bytebuddy.InlineByteBuddyMockMaker.<init>(InlineByteBuddyMockMaker.java:23) ~[mockito-core-5.17.0.jar:na]
	at java.base/jdk.internal.reflect.DirectConstructorHandleAccessor.newInstance(DirectConstructorHandleAccessor.java:62) ~[na:na]
	... 75 common frames omitted
Caused by: java.lang.IllegalStateException: Could not self-attach to current VM using external process - set a property net.bytebuddy.agent.attacher.dump to dump the process output to a file at the specified location
	at net.bytebuddy.agent.ByteBuddyAgent.installExternal(ByteBuddyAgent.java:672) ~[byte-buddy-agent-1.17.5.jar:na]
	at net.bytebuddy.agent.ByteBuddyAgent.install(ByteBuddyAgent.java:599) ~[byte-buddy-agent-1.17.5.jar:na]
	at net.bytebuddy.agent.ByteBuddyAgent.install(ByteBuddyAgent.java:579) ~[byte-buddy-agent-1.17.5.jar:na]
	at net.bytebuddy.agent.ByteBuddyAgent.install(ByteBuddyAgent.java:531) ~[byte-buddy-agent-1.17.5.jar:na]
	at net.bytebuddy.agent.ByteBuddyAgent.install(ByteBuddyAgent.java:508) ~[byte-buddy-agent-1.17.5.jar:na]
	at org.mockito.internal.PremainAttachAccess.getInstrumentation(PremainAttachAccess.java:80) ~[mockito-core-5.17.0.jar:na]
	at org.mockito.internal.creation.bytebuddy.InlineDelegateByteBuddyMockMaker.<clinit>(InlineDelegateByteBuddyMockMaker.java:138) ~[mockito-core-5.17.0.jar:na]
	... 77 common frames omitted

[ERROR] Tests run: 1, Failures: 0, Errors: 1, Skipped: 0, Time elapsed: 21.88 s <<< FAILURE! -- in com.example.samplea.SampleAApplicationTests
[ERROR] com.example.samplea.SampleAApplicationTests.contextLoads -- Time elapsed: 21.33 s <<< ERROR!
java.lang.IllegalStateException: Could not initialize plugin: interface org.mockito.plugins.MockMaker (alternate: null)
	at org.mockito.internal.configuration.plugins.PluginLoader$1.invoke(PluginLoader.java:85)
	at jdk.proxy2/jdk.proxy2.$Proxy65.getHandler(Unknown Source)
	at org.mockito.internal.util.MockUtil.getMockHandlerOrNull(MockUtil.java:158)
	at org.mockito.internal.util.MockUtil.isMock(MockUtil.java:147)
	at org.mockito.internal.util.DefaultMockingDetails.isMock(DefaultMockingDetails.java:32)
	at org.springframework.boot.test.mock.mockito.MockReset.get(MockReset.java:109)
	at org.springframework.boot.test.mock.mockito.ResetMocksTestExecutionListener.resetMocks(ResetMocksTestExecutionListener.java:89)
	at org.springframework.boot.test.mock.mockito.ResetMocksTestExecutionListener.resetMocks(ResetMocksTestExecutionListener.java:77)
	at org.springframework.boot.test.mock.mockito.ResetMocksTestExecutionListener.beforeTestMethod(ResetMocksTestExecutionListener.java:64)
	at org.springframework.test.context.TestContextManager.beforeTestMethod(TestContextManager.java:320)
	at org.springframework.test.context.junit.jupiter.SpringExtension.beforeEach(SpringExtension.java:236)
	at java.base/java.util.ArrayList.forEach(ArrayList.java:1596)
	at java.base/java.util.ArrayList.forEach(ArrayList.java:1596)
	Suppressed: java.lang.IllegalStateException: Could not initialize plugin: interface org.mockito.plugins.MockMaker (alternate: null)
		at org.mockito.internal.configuration.plugins.PluginLoader$1.invoke(PluginLoader.java:85)
		at jdk.proxy2/jdk.proxy2.$Proxy65.getHandler(Unknown Source)
		at org.mockito.internal.util.MockUtil.getMockHandlerOrNull(MockUtil.java:158)
		at org.mockito.internal.util.MockUtil.isMock(MockUtil.java:147)
		at org.mockito.internal.util.DefaultMockingDetails.isMock(DefaultMockingDetails.java:32)
		at org.springframework.boot.test.mock.mockito.MockReset.get(MockReset.java:109)
		at org.springframework.boot.test.mock.mockito.ResetMocksTestExecutionListener.resetMocks(ResetMocksTestExecutionListener.java:89)
		at org.springframework.boot.test.mock.mockito.ResetMocksTestExecutionListener.resetMocks(ResetMocksTestExecutionListener.java:77)
		at org.springframework.boot.test.mock.mockito.ResetMocksTestExecutionListener.afterTestMethod(ResetMocksTestExecutionListener.java:71)
		at org.springframework.test.context.TestContextManager.afterTestMethod(TestContextManager.java:488)
		at org.springframework.test.context.junit.jupiter.SpringExtension.afterEach(SpringExtension.java:274)
		... 2 more
	Caused by: java.lang.IllegalStateException: Internal problem occurred, please report it. Mockito is unable to load the default implementation of class that is a part of Mockito distribution. Failed to load interface org.mockito.plugins.MockMaker
		at org.mockito.internal.configuration.plugins.DefaultMockitoPlugins.create(DefaultMockitoPlugins.java:105)
		at org.mockito.internal.configuration.plugins.DefaultMockitoPlugins.getDefaultPlugin(DefaultMockitoPlugins.java:79)
		at org.mockito.internal.configuration.plugins.PluginLoader.loadPlugin(PluginLoader.java:75)
		at org.mockito.internal.configuration.plugins.PluginLoader.loadPlugin(PluginLoader.java:49)
		at org.mockito.internal.configuration.plugins.PluginRegistry.<init>(PluginRegistry.java:29)
		at org.mockito.internal.configuration.plugins.Plugins.<clinit>(Plugins.java:26)
		at org.mockito.internal.MockitoCore.<clinit>(MockitoCore.java:71)
		at org.mockito.Mockito.<clinit>(Mockito.java:1777)
		at org.springframework.boot.test.mock.mockito.MockReset.get(MockReset.java:108)
		at org.springframework.boot.test.mock.mockito.ResetMocksTestExecutionListener.resetMocks(ResetMocksTestExecutionListener.java:89)
		at org.springframework.boot.test.mock.mockito.ResetMocksTestExecutionListener.resetMocks(ResetMocksTestExecutionListener.java:77)
		at org.springframework.boot.test.mock.mockito.ResetMocksTestExecutionListener.beforeTestMethod(ResetMocksTestExecutionListener.java:64)
		at org.springframework.test.context.TestContextManager.beforeTestMethod(TestContextManager.java:320)
		at org.springframework.test.context.junit.jupiter.SpringExtension.beforeEach(SpringExtension.java:236)
		... 2 more
	Caused by: java.lang.reflect.InvocationTargetException
		at java.base/java.lang.reflect.Constructor.newInstanceWithCaller(Constructor.java:502)
		at java.base/java.lang.reflect.Constructor.newInstance(Constructor.java:486)
		at org.mockito.internal.configuration.plugins.DefaultMockitoPlugins.create(DefaultMockitoPlugins.java:103)
		... 15 more
	Caused by: org.mockito.exceptions.base.MockitoInitializationException: 
Could not initialize inline Byte Buddy mock maker.

It appears as if your JDK does not supply a working agent attachment mechanism.
Java               : 21
JVM vendor name    : Homebrew
JVM vendor version : 21.0.10
JVM name           : OpenJDK 64-Bit Server VM
JVM version        : 21.0.10
JVM info           : mixed mode, sharing
OS name            : Mac OS X
OS version         : 26.4.1

		at org.mockito.internal.creation.bytebuddy.InlineDelegateByteBuddyMockMaker.<init>(InlineDelegateByteBuddyMockMaker.java:275)
		at org.mockito.internal.creation.bytebuddy.InlineByteBuddyMockMaker.<init>(InlineByteBuddyMockMaker.java:23)
		... 18 more
	Caused by: java.lang.IllegalStateException: Could not self-attach to current VM using external process - set a property net.bytebuddy.agent.attacher.dump to dump the process output to a file at the specified location
		at net.bytebuddy.agent.ByteBuddyAgent.installExternal(ByteBuddyAgent.java:672)
		at net.bytebuddy.agent.ByteBuddyAgent.install(ByteBuddyAgent.java:599)
		at net.bytebuddy.agent.ByteBuddyAgent.install(ByteBuddyAgent.java:579)
		at net.bytebuddy.agent.ByteBuddyAgent.install(ByteBuddyAgent.java:531)
		at net.bytebuddy.agent.ByteBuddyAgent.install(ByteBuddyAgent.java:508)
		at org.mockito.internal.PremainAttachAccess.getInstrumentation(PremainAttachAccess.java:80)
		at org.mockito.internal.creation.bytebuddy.InlineDelegateByteBuddyMockMaker.<clinit>(InlineDelegateByteBuddyMockMaker.java:138)
		... 19 more
Caused by: [CIRCULAR REFERENCE: java.lang.IllegalStateException: Internal problem occurred, please report it. Mockito is unable to load the default implementation of class that is a part of Mockito distribution. Failed to load interface org.mockito.plugins.MockMaker]

[INFO] 
[INFO] Results:
[INFO] 
[ERROR] Errors: 
[ERROR]   SampleAApplicationTests.contextLoads » IllegalState Could not initialize plugin: interface org.mockito.plugins.MockMaker (alternate: null)
[INFO] 
[ERROR] Tests run: 1, Failures: 0, Errors: 1, Skipped: 0
[INFO] 
[INFO] ------------------------------------------------------------------------
[INFO] BUILD FAILURE
[INFO] ------------------------------------------------------------------------
[INFO] Total time:  22.486 s
[INFO] Finished at: 2026-04-20T10:47:03+08:00
[INFO] ------------------------------------------------------------------------
[ERROR] Failed to execute goal org.apache.maven.plugins:maven-surefire-plugin:3.5.3:test (default-test) on project sample-a-maven: 
[ERROR] 
[ERROR] See /Users/nedlin/IdeaProjects/build-demo/poc/samples/sample-a/maven/target/surefire-reports for the individual test results.
[ERROR] See dump files (if any exist) [date].dump, [date]-jvmRun[N].dump and [date].dumpstream.
[ERROR] -> [Help 1]
[ERROR] 
[ERROR] To see the full stack trace of the errors, re-run Maven with the -e switch.
[ERROR] Re-run Maven using the -X switch to enable full debug logging.
[ERROR] 
[ERROR] For more information about the errors and possible solutions, please read the following articles:
[ERROR] [Help 1] http://cwiki.apache.org/confluence/display/MAVEN/MojoFailureException
