[INFO] Scanning for projects...
[INFO] 
[INFO] ---------------------< com.example:sample-a-maven >---------------------
[INFO] Building sample-a-maven 0.0.1-SNAPSHOT
[INFO]   from pom.xml
[INFO] --------------------------------[ jar ]---------------------------------
[INFO] 
[INFO] --- resources:3.3.1:resources (default-resources) @ sample-a-maven ---
[INFO] skip non existing resourceDirectory /Users/nedlin/IdeaProjects/build-demo/poc/samples/sample-a/maven/src/main/resources
[INFO] skip non existing resourceDirectory /Users/nedlin/IdeaProjects/build-demo/poc/samples/sample-a/maven/src/main/resources
[INFO] 
[INFO] --- compiler:3.14.0:compile (default-compile) @ sample-a-maven ---
[INFO] Nothing to compile - all classes are up to date.
[INFO] 
[INFO] --- resources:3.3.1:testResources (default-testResources) @ sample-a-maven ---
[INFO] Copying 1 resource from src/test/resources to target/test-classes
[INFO] 
[INFO] --- compiler:3.14.0:testCompile (default-testCompile) @ sample-a-maven ---
[INFO] Nothing to compile - all classes are up to date.
[INFO] 
[INFO] --- surefire:3.5.3:test (default-test) @ sample-a-maven ---
[INFO] Using auto detected provider org.apache.maven.surefire.junitplatform.JUnitPlatformProvider
[INFO] 
[INFO] -------------------------------------------------------
[INFO]  T E S T S
[INFO] -------------------------------------------------------
[INFO] Running com.example.samplea.SampleAApplicationTests
10:47:55.559 [main] INFO org.springframework.test.context.support.AnnotationConfigContextLoaderUtils -- Could not detect default configuration classes for test class [com.example.samplea.SampleAApplicationTests]: SampleAApplicationTests does not declare any static, non-private, non-final, nested classes annotated with @Configuration.
10:47:55.608 [main] INFO org.springframework.boot.test.context.SpringBootTestContextBootstrapper -- Found @SpringBootConfiguration com.example.samplea.SampleAApplication for test class com.example.samplea.SampleAApplicationTests

  .   ____          _            __ _ _
 /\\ / ___'_ __ _ _(_)_ __  __ _ \ \ \ \
( ( )\___ | '_ | '_| | '_ \/ _` | \ \ \ \
 \\/  ___)| |_)| | | | | || (_| |  ) ) ) )
  '  |____| .__|_| |_|_| |_\__, | / / / /
 =========|_|==============|___/=/_/_/_/

 :: Spring Boot ::                (v3.5.0)

2026-04-20T10:47:55.739+08:00  INFO 82572 --- [           main] c.e.samplea.SampleAApplicationTests      : Starting SampleAApplicationTests using Java 21.0.10 with PID 82572 (started by nedlin in /Users/nedlin/IdeaProjects/build-demo/poc/samples/sample-a/maven)
2026-04-20T10:47:55.740+08:00  INFO 82572 --- [           main] c.e.samplea.SampleAApplicationTests      : No active profile set, falling back to 1 default profile: "default"
2026-04-20T10:47:56.061+08:00  INFO 82572 --- [           main] c.e.samplea.SampleAApplicationTests      : Started SampleAApplicationTests in 0.413 seconds (process running for 0.725)
[INFO] Tests run: 1, Failures: 0, Errors: 0, Skipped: 0, Time elapsed: 11.27 s -- in com.example.samplea.SampleAApplicationTests
[INFO] 
[INFO] Results:
[INFO] 
[INFO] Tests run: 1, Failures: 0, Errors: 0, Skipped: 0
[INFO] 
[INFO] ------------------------------------------------------------------------
[INFO] BUILD SUCCESS
[INFO] ------------------------------------------------------------------------
[INFO] Total time:  11.868 s
[INFO] Finished at: 2026-04-20T10:48:06+08:00
[INFO] ------------------------------------------------------------------------
